<?xml version="1.0" encoding="UTF-8"?>
<!-- Generated by org.testng.reporters.JUnitReportReporter -->
<testsuite hostname="LAPTOP-CQ3BBBM0" failures="0" tests="1" name="PomTestCase.TestCase_06" time="51.409" errors="0" timestamp="2021-08-23T17:05:14 IST" skipped="0">
  <testcase classname="PomTestCase.TestCase_06" name="CreteOpportunityWithContactAndOrganizations" time="51.409"/>
  <system-out/>
</testsuite> <!-- PomTestCase.TestCase_06 -->
