<?xml version="1.0" encoding="UTF-8"?>
<!-- Generated by org.testng.reporters.JUnitReportReporter -->
<testsuite hostname="LAPTOP-CQ3BBBM0" failures="0" tests="1" name="vtiger.Demo" time="0.018" errors="0" timestamp="2021-08-19T18:00:55 IST" skipped="0">
  <testcase classname="vtiger.Demo" name="TestRun" time="0.018"/>
  <system-out/>
</testsuite> <!-- vtiger.Demo -->
