<?xml version="1.0" encoding="UTF-8"?>
<!-- Generated by org.testng.reporters.JUnitReportReporter -->
<testsuite hostname="LAPTOP-CQ3BBBM0" failures="0" tests="1" name="PomTestCase.TestCase05" time="19.554" errors="0" timestamp="2021-08-23T16:25:25 IST" skipped="0">
  <testcase classname="PomTestCase.TestCase05" name="CreateOpportunityWithOrg" time="19.554"/>
  <system-out/>
</testsuite> <!-- PomTestCase.TestCase05 -->
