<?xml version="1.0" encoding="UTF-8"?>
<!-- Generated by org.testng.reporters.JUnitReportReporter -->
<testsuite hostname="LAPTOP-CQ3BBBM0" failures="0" tests="4" name="PomTestCase.SampleTestScriptForParaleleTest" time="0.011" errors="0" timestamp="2021-08-24T18:10:46 IST" skipped="0">
  <testcase classname="PomTestCase.SampleTestScriptForParaleleTest" name="SampleMethod2" time="0.002"/>
  <system-out/>
  <testcase classname="PomTestCase.SampleTestScriptForParaleleTest" name="SampleMethod1" time="0.004"/>
  <system-out/>
  <testcase classname="PomTestCase.SampleTestScriptForParaleleTest" name="SampleMethod1" time="0.001"/>
  <system-out/>
  <testcase classname="PomTestCase.SampleTestScriptForParaleleTest" name="SampleMethod2" time="0.004"/>
  <system-out/>
</testsuite> <!-- PomTestCase.SampleTestScriptForParaleleTest -->
