<?xml version="1.0" encoding="UTF-8"?>
<!-- Generated by org.testng.reporters.JUnitReportReporter -->
<testsuite hostname="LAPTOP-CQ3BBBM0" failures="0" tests="2" name="Sample2" time="49.002" errors="0" timestamp="2021-08-25T16:06:43 IST" skipped="0">
  <testcase classname="Sample2" name="CreateHomePageGetTitle" time="30.251"/>
  <system-out/>
  <testcase classname="Sample2" name="CreateOrganizationGetText" time="18.751"/>
  <system-out/>
</testsuite> <!-- Sample2 -->
