<?xml version="1.0" encoding="UTF-8"?>
<!-- Generated by org.testng.reporters.JUnitReportReporter -->
<testsuite hostname="LAPTOP-CQ3BBBM0" failures="0" tests="3" name="PomTestCase.CreateOppertunutyTest" time="117.503" errors="0" timestamp="2021-08-27T10:48:18 IST" skipped="0">
  <testcase classname="PomTestCase.CreateOppertunutyTest" name="createOppurtunity" time="38.583"/>
  <system-out/>
  <testcase classname="PomTestCase.CreateOppertunutyTest" name="CreateOpportunityWithOrg" time="49.836"/>
  <system-out/>
  <testcase classname="PomTestCase.CreateOppertunutyTest" name="CreteOpportunityWithContactAndOrganizations" time="29.084"/>
  <system-out/>
</testsuite> <!-- PomTestCase.CreateOppertunutyTest -->
