<?xml version="1.0" encoding="UTF-8"?>
<!-- Generated by org.testng.reporters.JUnitReportReporter -->
<testsuite hostname="LAPTOP-CQ3BBBM0" failures="0" tests="3" name="PomTestCase.TestCase_04" time="102.177" errors="0" timestamp="2021-08-23T17:09:25 IST" skipped="0">
  <testcase classname="PomTestCase.TestCase_04" name="createOppurtunity" time="27.233"/>
  <system-out/>
  <testcase classname="PomTestCase.TestCase_04" name="CreteOpportunityWithContactAndOrganizations" time="45.779"/>
  <system-out/>
  <testcase classname="PomTestCase.TestCase_04" name="CreateOpportunityWithOrg" time="29.165"/>
  <system-out/>
</testsuite> <!-- PomTestCase.TestCase_04 -->
